2016-05-26 21:56:00,609 [MainThread:6912] [django.db.backends:89] [utils:execute] [DEBUG]- (0.000) SET SQL_AUTO_IS_NULL = 0; args=None
2016-05-26 21:56:17,638 [MainThread:9576] [django.db.backends:89] [utils:execute] [DEBUG]- (0.001) SET SQL_AUTO_IS_NULL = 0; args=None
2016-05-26 21:56:17,671 [MainThread:9576] [django.db.backends:89] [utils:execute] [DEBUG]- (0.000) SET SQL_AUTO_IS_NULL = 0; args=None
2016-05-26 21:56:17,674 [MainThread:9576] [django.db.backends:89] [utils:execute] [DEBUG]- (0.000) SHOW FULL TABLES; args=None
2016-05-26 21:56:17,678 [MainThread:9576] [django.db.backends:89] [utils:execute] [DEBUG]- (0.000) SELECT `django_migrations`.`app`, `django_migrations`.`name` FROM `django_migrations`; args=()
2016-05-26 21:56:17,694 [MainThread:9576] [django.db.backends.schema:101] [schema:execute] [DEBUG]- CREATE TABLE `django_content_type` (`id` integer AUTO_INCREMENT NOT NULL PRIMARY KEY, `name` varchar(100) NOT NULL, `app_label` varchar(100) NOT NULL, `model` varchar(100) NOT NULL); (params None)
2016-05-26 21:56:17,726 [MainThread:9576] [django.db.backends:89] [utils:execute] [DEBUG]- (0.027) CREATE TABLE `django_content_type` (`id` integer AUTO_INCREMENT NOT NULL PRIMARY KEY, `name` varchar(100) NOT NULL, `app_label` varchar(100) NOT NULL, `model` varchar(100) NOT NULL); args=None
2016-05-26 21:56:17,732 [MainThread:9576] [django.db.backends:89] [utils:execute] [DEBUG]- (0.001) SELECT engine FROM information_schema.tables WHERE table_name = 'django_content_type'; args=[u'django_content_type']
2016-05-26 21:56:17,737 [MainThread:9576] [django.db.backends.schema:101] [schema:execute] [DEBUG]- ALTER TABLE `django_content_type` ADD CONSTRAINT `django_content_type_app_label_76bd3d3b_uniq` UNIQUE (`app_label`, `model`); (params [])
2016-05-26 21:56:17,782 [MainThread:9576] [django.db.backends:89] [utils:execute] [DEBUG]- (0.039) ALTER TABLE `django_content_type` ADD CONSTRAINT `django_content_type_app_label_76bd3d3b_uniq` UNIQUE (`app_label`, `model`); args=[]
2016-05-26 21:56:17,786 [MainThread:9576] [django.db.backends:89] [utils:execute] [DEBUG]- (0.001) SHOW FULL TABLES; args=None
2016-05-26 21:56:17,792 [MainThread:9576] [django.db.backends:89] [utils:execute] [DEBUG]- (0.001) INSERT INTO `django_migrations` (`app`, `name`, `applied`) VALUES ('contenttypes', '0001_initial', '2016-05-26 13:56:17'); args=['contenttypes', u'0001_initial', u'2016-05-26 13:56:17']
2016-05-26 21:56:17,805 [MainThread:9576] [django.db.backends.schema:101] [schema:execute] [DEBUG]- CREATE TABLE `auth_permission` (`id` integer AUTO_INCREMENT NOT NULL PRIMARY KEY, `name` varchar(50) NOT NULL, `content_type_id` integer NOT NULL, `codename` varchar(100) NOT NULL); (params None)
2016-05-26 21:56:17,815 [MainThread:9576] [django.db.backends:89] [utils:execute] [DEBUG]- (0.004) CREATE TABLE `auth_permission` (`id` integer AUTO_INCREMENT NOT NULL PRIMARY KEY, `name` varchar(50) NOT NULL, `content_type_id` integer NOT NULL, `codename` varchar(100) NOT NULL); args=None
2016-05-26 21:56:17,826 [MainThread:9576] [django.db.backends:89] [utils:execute] [DEBUG]- (0.007) SELECT engine FROM information_schema.tables WHERE table_name = 'auth_permission'; args=[u'auth_permission']
2016-05-26 21:56:17,835 [MainThread:9576] [django.db.backends.schema:101] [schema:execute] [DEBUG]- CREATE TABLE `auth_group` (`id` integer AUTO_INCREMENT NOT NULL PRIMARY KEY, `name` varchar(80) NOT NULL UNIQUE); (params None)
2016-05-26 21:56:17,842 [MainThread:9576] [django.db.backends:89] [utils:execute] [DEBUG]- (0.005) CREATE TABLE `auth_group` (`id` integer AUTO_INCREMENT NOT NULL PRIMARY KEY, `name` varchar(80) NOT NULL UNIQUE); args=None
2016-05-26 21:56:17,848 [MainThread:9576] [django.db.backends:89] [utils:execute] [DEBUG]- (0.001) SELECT engine FROM information_schema.tables WHERE table_name = 'auth_group'; args=[u'auth_group']
2016-05-26 21:56:17,851 [MainThread:9576] [django.db.backends.schema:101] [schema:execute] [DEBUG]- CREATE TABLE `auth_group_permissions` (`id` integer AUTO_INCREMENT NOT NULL PRIMARY KEY, `group_id` integer NOT NULL, `permission_id` integer NOT NULL); (params None)
2016-05-26 21:56:17,859 [MainThread:9576] [django.db.backends:89] [utils:execute] [DEBUG]- (0.004) CREATE TABLE `auth_group_permissions` (`id` integer AUTO_INCREMENT NOT NULL PRIMARY KEY, `group_id` integer NOT NULL, `permission_id` integer NOT NULL); args=None
2016-05-26 21:56:17,865 [MainThread:9576] [django.db.backends:89] [utils:execute] [DEBUG]- (0.001) SELECT engine FROM information_schema.tables WHERE table_name = 'auth_group_permissions'; args=[u'auth_group_permissions']
2016-05-26 21:56:17,878 [MainThread:9576] [django.db.backends.schema:101] [schema:execute] [DEBUG]- CREATE TABLE `auth_user` (`id` integer AUTO_INCREMENT NOT NULL PRIMARY KEY, `password` varchar(128) NOT NULL, `last_login` datetime NOT NULL, `is_superuser` bool NOT NULL, `username` varchar(30) NOT NULL UNIQUE, `first_name` varchar(30) NOT NULL, `last_name` varchar(30) NOT NULL, `email` varchar(75) NOT NULL, `is_staff` bool NOT NULL, `is_active` bool NOT NULL, `date_joined` datetime NOT NULL); (params None)
2016-05-26 21:56:17,898 [MainThread:9576] [django.db.backends:89] [utils:execute] [DEBUG]- (0.013) CREATE TABLE `auth_user` (`id` integer AUTO_INCREMENT NOT NULL PRIMARY KEY, `password` varchar(128) NOT NULL, `last_login` datetime NOT NULL, `is_superuser` bool NOT NULL, `username` varchar(30) NOT NULL UNIQUE, `first_name` varchar(30) NOT NULL, `last_name` varchar(30) NOT NULL, `email` varchar(75) NOT NULL, `is_staff` bool NOT NULL, `is_active` bool NOT NULL, `date_joined` datetime NOT NULL); args=None
2016-05-26 21:56:17,907 [MainThread:9576] [django.db.backends:89] [utils:execute] [DEBUG]- (0.002) SELECT engine FROM information_schema.tables WHERE table_name = 'auth_user'; args=[u'auth_user']
2016-05-26 21:56:17,914 [MainThread:9576] [django.db.backends.schema:101] [schema:execute] [DEBUG]- CREATE TABLE `auth_user_groups` (`id` integer AUTO_INCREMENT NOT NULL PRIMARY KEY, `user_id` integer NOT NULL, `group_id` integer NOT NULL); (params None)
2016-05-26 21:56:17,921 [MainThread:9576] [django.db.backends:89] [utils:execute] [DEBUG]- (0.004) CREATE TABLE `auth_user_groups` (`id` integer AUTO_INCREMENT NOT NULL PRIMARY KEY, `user_id` integer NOT NULL, `group_id` integer NOT NULL); args=None
2016-05-26 21:56:17,934 [MainThread:9576] [django.db.backends:89] [utils:execute] [DEBUG]- (0.008) SELECT engine FROM information_schema.tables WHERE table_name = 'auth_user_groups'; args=[u'auth_user_groups']
2016-05-26 21:56:17,938 [MainThread:9576] [django.db.backends.schema:101] [schema:execute] [DEBUG]- CREATE TABLE `auth_user_user_permissions` (`id` integer AUTO_INCREMENT NOT NULL PRIMARY KEY, `user_id` integer NOT NULL, `permission_id` integer NOT NULL); (params None)
2016-05-26 21:56:17,947 [MainThread:9576] [django.db.backends:89] [utils:execute] [DEBUG]- (0.005) CREATE TABLE `auth_user_user_permissions` (`id` integer AUTO_INCREMENT NOT NULL PRIMARY KEY, `user_id` integer NOT NULL, `permission_id` integer NOT NULL); args=None
2016-05-26 21:56:17,953 [MainThread:9576] [django.db.backends:89] [utils:execute] [DEBUG]- (0.002) SELECT engine FROM information_schema.tables WHERE table_name = 'auth_user_user_permissions'; args=[u'auth_user_user_permissions']
2016-05-26 21:56:17,961 [MainThread:9576] [django.db.backends.schema:101] [schema:execute] [DEBUG]- ALTER TABLE `auth_permission` ADD CONSTRAINT `auth_permissi_content_type_id_2f476e4b_fk_django_content_type_id` FOREIGN KEY (`content_type_id`) REFERENCES `django_content_type` (`id`); (params [])
2016-05-26 21:56:17,980 [MainThread:9576] [django.db.backends:89] [utils:execute] [DEBUG]- (0.013) ALTER TABLE `auth_permission` ADD CONSTRAINT `auth_permissi_content_type_id_2f476e4b_fk_django_content_type_id` FOREIGN KEY (`content_type_id`) REFERENCES `django_content_type` (`id`); args=[]
2016-05-26 21:56:17,983 [MainThread:9576] [django.db.backends.schema:101] [schema:execute] [DEBUG]- ALTER TABLE `auth_permission` ADD CONSTRAINT `auth_permission_content_type_id_01ab375a_uniq` UNIQUE (`content_type_id`, `codename`); (params [])
2016-05-26 21:56:18,006 [MainThread:9576] [django.db.backends:89] [utils:execute] [DEBUG]- (0.017) ALTER TABLE `auth_permission` ADD CONSTRAINT `auth_permission_content_type_id_01ab375a_uniq` UNIQUE (`content_type_id`, `codename`); args=[]
2016-05-26 21:56:18,009 [MainThread:9576] [django.db.backends.schema:101] [schema:execute] [DEBUG]- ALTER TABLE `auth_group_permissions` ADD CONSTRAINT `auth_group_permissions_group_id_b120cbf9_fk_auth_group_id` FOREIGN KEY (`group_id`) REFERENCES `auth_group` (`id`); (params [])
2016-05-26 21:56:18,028 [MainThread:9576] [django.db.backends:89] [utils:execute] [DEBUG]- (0.013) ALTER TABLE `auth_group_permissions` ADD CONSTRAINT `auth_group_permissions_group_id_b120cbf9_fk_auth_group_id` FOREIGN KEY (`group_id`) REFERENCES `auth_group` (`id`); args=[]
2016-05-26 21:56:18,032 [MainThread:9576] [django.db.backends.schema:101] [schema:execute] [DEBUG]- ALTER TABLE `auth_group_permissions` ADD CONSTRAINT `auth_group_permissi_permission_id_84c5c92e_fk_auth_permission_id` FOREIGN KEY (`permission_id`) REFERENCES `auth_permission` (`id`); (params [])
2016-05-26 21:56:18,049 [MainThread:9576] [django.db.backends:89] [utils:execute] [DEBUG]- (0.012) ALTER TABLE `auth_group_permissions` ADD CONSTRAINT `auth_group_permissi_permission_id_84c5c92e_fk_auth_permission_id` FOREIGN KEY (`permission_id`) REFERENCES `auth_permission` (`id`); args=[]
2016-05-26 21:56:18,055 [MainThread:9576] [django.db.backends.schema:101] [schema:execute] [DEBUG]- ALTER TABLE `auth_group_permissions` ADD CONSTRAINT `auth_group_permissions_group_id_0cd325b0_uniq` UNIQUE (`group_id`, `permission_id`); (params [])
2016-05-26 21:56:18,092 [MainThread:9576] [django.db.backends:89] [utils:execute] [DEBUG]- (0.033) ALTER TABLE `auth_group_permissions` ADD CONSTRAINT `auth_group_permissions_group_id_0cd325b0_uniq` UNIQUE (`group_id`, `permission_id`); args=[]
2016-05-26 21:56:18,096 [MainThread:9576] [django.db.backends.schema:101] [schema:execute] [DEBUG]- ALTER TABLE `auth_user_groups` ADD CONSTRAINT `auth_user_groups_user_id_6a12ed8b_fk_auth_user_id` FOREIGN KEY (`user_id`) REFERENCES `auth_user` (`id`); (params [])
2016-05-26 21:56:18,114 [MainThread:9576] [django.db.backends:89] [utils:execute] [DEBUG]- (0.013) ALTER TABLE `auth_user_groups` ADD CONSTRAINT `auth_user_groups_user_id_6a12ed8b_fk_auth_user_id` FOREIGN KEY (`user_id`) REFERENCES `auth_user` (`id`); args=[]
2016-05-26 21:56:18,117 [MainThread:9576] [django.db.backends.schema:101] [schema:execute] [DEBUG]- ALTER TABLE `auth_user_groups` ADD CONSTRAINT `auth_user_groups_group_id_97559544_fk_auth_group_id` FOREIGN KEY (`group_id`) REFERENCES `auth_group` (`id`); (params [])
2016-05-26 21:56:18,141 [MainThread:9576] [django.db.backends:89] [utils:execute] [DEBUG]- (0.018) ALTER TABLE `auth_user_groups` ADD CONSTRAINT `auth_user_groups_group_id_97559544_fk_auth_group_id` FOREIGN KEY (`group_id`) REFERENCES `auth_group` (`id`); args=[]
2016-05-26 21:56:18,144 [MainThread:9576] [django.db.backends.schema:101] [schema:execute] [DEBUG]- ALTER TABLE `auth_user_groups` ADD CONSTRAINT `auth_user_groups_user_id_94350c0c_uniq` UNIQUE (`user_id`, `group_id`); (params [])
2016-05-26 21:56:18,165 [MainThread:9576] [django.db.backends:89] [utils:execute] [DEBUG]- (0.017) ALTER TABLE `auth_user_groups` ADD CONSTRAINT `auth_user_groups_user_id_94350c0c_uniq` UNIQUE (`user_id`, `group_id`); args=[]
2016-05-26 21:56:18,168 [MainThread:9576] [django.db.backends.schema:101] [schema:execute] [DEBUG]- ALTER TABLE `auth_user_user_permissions` ADD CONSTRAINT `auth_user_user_permissions_user_id_a95ead1b_fk_auth_user_id` FOREIGN KEY (`user_id`) REFERENCES `auth_user` (`id`); (params [])
2016-05-26 21:56:18,190 [MainThread:9576] [django.db.backends:89] [utils:execute] [DEBUG]- (0.014) ALTER TABLE `auth_user_user_permissions` ADD CONSTRAINT `auth_user_user_permissions_user_id_a95ead1b_fk_auth_user_id` FOREIGN KEY (`user_id`) REFERENCES `auth_user` (`id`); args=[]
2016-05-26 21:56:18,194 [MainThread:9576] [django.db.backends.schema:101] [schema:execute] [DEBUG]- ALTER TABLE `auth_user_user_permissions` ADD CONSTRAINT `auth_user_user_perm_permission_id_1fbb5f2c_fk_auth_permission_id` FOREIGN KEY (`permission_id`) REFERENCES `auth_permission` (`id`); (params [])
2016-05-26 21:56:18,213 [MainThread:9576] [django.db.backends:89] [utils:execute] [DEBUG]- (0.014) ALTER TABLE `auth_user_user_permissions` ADD CONSTRAINT `auth_user_user_perm_permission_id_1fbb5f2c_fk_auth_permission_id` FOREIGN KEY (`permission_id`) REFERENCES `auth_permission` (`id`); args=[]
2016-05-26 21:56:18,217 [MainThread:9576] [django.db.backends.schema:101] [schema:execute] [DEBUG]- ALTER TABLE `auth_user_user_permissions` ADD CONSTRAINT `auth_user_user_permissions_user_id_14a6b632_uniq` UNIQUE (`user_id`, `permission_id`); (params [])
2016-05-26 21:56:18,240 [MainThread:9576] [django.db.backends:89] [utils:execute] [DEBUG]- (0.018) ALTER TABLE `auth_user_user_permissions` ADD CONSTRAINT `auth_user_user_permissions_user_id_14a6b632_uniq` UNIQUE (`user_id`, `permission_id`); args=[]
2016-05-26 21:56:18,243 [MainThread:9576] [django.db.backends:89] [utils:execute] [DEBUG]- (0.001) SHOW FULL TABLES; args=None
2016-05-26 21:56:18,247 [MainThread:9576] [django.db.backends:89] [utils:execute] [DEBUG]- (0.000) INSERT INTO `django_migrations` (`app`, `name`, `applied`) VALUES ('auth', '0001_initial', '2016-05-26 13:56:18'); args=['auth', u'0001_initial', u'2016-05-26 13:56:18']
2016-05-26 21:56:18,270 [MainThread:9576] [django.db.backends.schema:101] [schema:execute] [DEBUG]- CREATE TABLE `bundle` (`id` integer AUTO_INCREMENT NOT NULL PRIMARY KEY, `url` longtext NULL, `name` longtext NULL, `like` integer NULL, `scan_times` integer NULL, `datetime` date NULL, `note` longtext NULL, `id_User` integer NULL); (params None)
2016-05-26 21:56:18,279 [MainThread:9576] [django.db.backends:89] [utils:execute] [DEBUG]- (0.005) CREATE TABLE `bundle` (`id` integer AUTO_INCREMENT NOT NULL PRIMARY KEY, `url` longtext NULL, `name` longtext NULL, `like` integer NULL, `scan_times` integer NULL, `datetime` date NULL, `note` longtext NULL, `id_User` integer NULL); args=None
2016-05-26 21:56:18,286 [MainThread:9576] [django.db.backends:89] [utils:execute] [DEBUG]- (0.002) SELECT engine FROM information_schema.tables WHERE table_name = 'bundle'; args=[u'bundle']
2016-05-26 21:56:18,299 [MainThread:9576] [django.db.backends.schema:101] [schema:execute] [DEBUG]- CREATE TABLE `comment` (`id` integer AUTO_INCREMENT NOT NULL PRIMARY KEY, `content` longtext NULL, `datetime` date NULL, `id_Bundle` integer NULL); (params None)
2016-05-26 21:56:18,309 [MainThread:9576] [django.db.backends:89] [utils:execute] [DEBUG]- (0.005) CREATE TABLE `comment` (`id` integer AUTO_INCREMENT NOT NULL PRIMARY KEY, `content` longtext NULL, `datetime` date NULL, `id_Bundle` integer NULL); args=None
2016-05-26 21:56:18,312 [MainThread:9576] [django.db.backends:89] [utils:execute] [DEBUG]- (0.001) SELECT engine FROM information_schema.tables WHERE table_name = 'comment'; args=[u'comment']
2016-05-26 21:56:18,318 [MainThread:9576] [django.db.backends.schema:101] [schema:execute] [DEBUG]- CREATE TABLE `comment_location` (`id` integer AUTO_INCREMENT NOT NULL PRIMARY KEY, `Location` longtext NULL, `amount` integer NULL); (params None)
2016-05-26 21:56:18,328 [MainThread:9576] [django.db.backends:89] [utils:execute] [DEBUG]- (0.005) CREATE TABLE `comment_location` (`id` integer AUTO_INCREMENT NOT NULL PRIMARY KEY, `Location` longtext NULL, `amount` integer NULL); args=None
2016-05-26 21:56:18,332 [MainThread:9576] [django.db.backends:89] [utils:execute] [DEBUG]- (0.002) SELECT engine FROM information_schema.tables WHERE table_name = 'comment_location'; args=[u'comment_location']
2016-05-26 21:56:18,345 [MainThread:9576] [django.db.backends.schema:101] [schema:execute] [DEBUG]- CREATE TABLE `scan` (`id` integer AUTO_INCREMENT NOT NULL PRIMARY KEY, `id_Bundle` integer NULL); (params None)
2016-05-26 21:56:18,354 [MainThread:9576] [django.db.backends:89] [utils:execute] [DEBUG]- (0.006) CREATE TABLE `scan` (`id` integer AUTO_INCREMENT NOT NULL PRIMARY KEY, `id_Bundle` integer NULL); args=None
2016-05-26 21:56:18,358 [MainThread:9576] [django.db.backends:89] [utils:execute] [DEBUG]- (0.002) SELECT engine FROM information_schema.tables WHERE table_name = 'scan'; args=[u'scan']
2016-05-26 21:56:18,364 [MainThread:9576] [django.db.backends.schema:101] [schema:execute] [DEBUG]- CREATE TABLE `scan_location` (`id` integer AUTO_INCREMENT NOT NULL PRIMARY KEY, `Location` longtext NULL, `amount` integer NULL); (params None)
2016-05-26 21:56:18,372 [MainThread:9576] [django.db.backends:89] [utils:execute] [DEBUG]- (0.004) CREATE TABLE `scan_location` (`id` integer AUTO_INCREMENT NOT NULL PRIMARY KEY, `Location` longtext NULL, `amount` integer NULL); args=None
2016-05-26 21:56:18,377 [MainThread:9576] [django.db.backends:89] [utils:execute] [DEBUG]- (0.001) SELECT engine FROM information_schema.tables WHERE table_name = 'scan_location'; args=[u'scan_location']
2016-05-26 21:56:18,392 [MainThread:9576] [django.db.backends.schema:101] [schema:execute] [DEBUG]- ALTER TABLE `scan` ADD COLUMN `id_Scan_Location` integer NULL; (params [])
2016-05-26 21:56:18,407 [MainThread:9576] [django.db.backends:89] [utils:execute] [DEBUG]- (0.012) ALTER TABLE `scan` ADD COLUMN `id_Scan_Location` integer NULL; args=[]
2016-05-26 21:56:18,411 [MainThread:9576] [django.db.backends.schema:101] [schema:execute] [DEBUG]- ALTER TABLE `scan` ALTER COLUMN `id_Scan_Location` DROP DEFAULT; (params [])
2016-05-26 21:56:18,420 [MainThread:9576] [django.db.backends:89] [utils:execute] [DEBUG]- (0.006) ALTER TABLE `scan` ALTER COLUMN `id_Scan_Location` DROP DEFAULT; args=[]
2016-05-26 21:56:18,434 [MainThread:9576] [django.db.backends.schema:101] [schema:execute] [DEBUG]- ALTER TABLE `comment` ADD COLUMN `id_Comment_Location` integer NULL; (params [])
2016-05-26 21:56:18,450 [MainThread:9576] [django.db.backends:89] [utils:execute] [DEBUG]- (0.013) ALTER TABLE `comment` ADD COLUMN `id_Comment_Location` integer NULL; args=[]
2016-05-26 21:56:18,453 [MainThread:9576] [django.db.backends.schema:101] [schema:execute] [DEBUG]- ALTER TABLE `comment` ALTER COLUMN `id_Comment_Location` DROP DEFAULT; (params [])
2016-05-26 21:56:18,466 [MainThread:9576] [django.db.backends:89] [utils:execute] [DEBUG]- (0.006) ALTER TABLE `comment` ALTER COLUMN `id_Comment_Location` DROP DEFAULT; args=[]
2016-05-26 21:56:18,469 [MainThread:9576] [django.db.backends.schema:101] [schema:execute] [DEBUG]- ALTER TABLE `bundle` ADD CONSTRAINT `bundle_id_User_15eb9866_fk_auth_user_id` FOREIGN KEY (`id_User`) REFERENCES `auth_user` (`id`); (params [])
2016-05-26 21:56:18,486 [MainThread:9576] [django.db.backends:89] [utils:execute] [DEBUG]- (0.013) ALTER TABLE `bundle` ADD CONSTRAINT `bundle_id_User_15eb9866_fk_auth_user_id` FOREIGN KEY (`id_User`) REFERENCES `auth_user` (`id`); args=[]
2016-05-26 21:56:18,490 [MainThread:9576] [django.db.backends.schema:101] [schema:execute] [DEBUG]- ALTER TABLE `comment` ADD CONSTRAINT `comment_id_Bundle_63deb77b_fk_bundle_id` FOREIGN KEY (`id_Bundle`) REFERENCES `bundle` (`id`); (params [])
2016-05-26 21:56:18,516 [MainThread:9576] [django.db.backends:89] [utils:execute] [DEBUG]- (0.022) ALTER TABLE `comment` ADD CONSTRAINT `comment_id_Bundle_63deb77b_fk_bundle_id` FOREIGN KEY (`id_Bundle`) REFERENCES `bundle` (`id`); args=[]
2016-05-26 21:56:18,520 [MainThread:9576] [django.db.backends.schema:101] [schema:execute] [DEBUG]- ALTER TABLE `scan` ADD CONSTRAINT `scan_id_Bundle_1fe6654c_fk_bundle_id` FOREIGN KEY (`id_Bundle`) REFERENCES `bundle` (`id`); (params [])
2016-05-26 21:56:18,536 [MainThread:9576] [django.db.backends:89] [utils:execute] [DEBUG]- (0.011) ALTER TABLE `scan` ADD CONSTRAINT `scan_id_Bundle_1fe6654c_fk_bundle_id` FOREIGN KEY (`id_Bundle`) REFERENCES `bundle` (`id`); args=[]
2016-05-26 21:56:18,539 [MainThread:9576] [django.db.backends.schema:101] [schema:execute] [DEBUG]- CREATE INDEX `scan_d23256ee` ON `scan` (`id_Scan_Location`); (params [])
2016-05-26 21:56:18,556 [MainThread:9576] [django.db.backends:89] [utils:execute] [DEBUG]- (0.014) CREATE INDEX `scan_d23256ee` ON `scan` (`id_Scan_Location`); args=[]
2016-05-26 21:56:18,559 [MainThread:9576] [django.db.backends.schema:101] [schema:execute] [DEBUG]- ALTER TABLE `scan` ADD CONSTRAINT `scan_id_Scan_Location_6ebda9e8_fk_scan_location_id` FOREIGN KEY (`id_Scan_Location`) REFERENCES `scan_location` (`id`); (params [])
2016-05-26 21:56:18,576 [MainThread:9576] [django.db.backends:89] [utils:execute] [DEBUG]- (0.012) ALTER TABLE `scan` ADD CONSTRAINT `scan_id_Scan_Location_6ebda9e8_fk_scan_location_id` FOREIGN KEY (`id_Scan_Location`) REFERENCES `scan_location` (`id`); args=[]
2016-05-26 21:56:18,581 [MainThread:9576] [django.db.backends.schema:101] [schema:execute] [DEBUG]- CREATE INDEX `comment_8b6f26e9` ON `comment` (`id_Comment_Location`); (params [])
2016-05-26 21:56:18,598 [MainThread:9576] [django.db.backends:89] [utils:execute] [DEBUG]- (0.014) CREATE INDEX `comment_8b6f26e9` ON `comment` (`id_Comment_Location`); args=[]
2016-05-26 21:56:18,601 [MainThread:9576] [django.db.backends.schema:101] [schema:execute] [DEBUG]- ALTER TABLE `comment` ADD CONSTRAINT `comment_id_Comment_Location_ed14357f_fk_comment_location_id` FOREIGN KEY (`id_Comment_Location`) REFERENCES `comment_location` (`id`); (params [])
2016-05-26 21:56:18,617 [MainThread:9576] [django.db.backends:89] [utils:execute] [DEBUG]- (0.011) ALTER TABLE `comment` ADD CONSTRAINT `comment_id_Comment_Location_ed14357f_fk_comment_location_id` FOREIGN KEY (`id_Comment_Location`) REFERENCES `comment_location` (`id`); args=[]
2016-05-26 21:56:18,622 [MainThread:9576] [django.db.backends:89] [utils:execute] [DEBUG]- (0.001) SHOW FULL TABLES; args=None
2016-05-26 21:56:18,625 [MainThread:9576] [django.db.backends:89] [utils:execute] [DEBUG]- (0.000) INSERT INTO `django_migrations` (`app`, `name`, `applied`) VALUES ('MyApp', '0001_initial', '2016-05-26 13:56:18'); args=['MyApp', u'0001_initial', u'2016-05-26 13:56:18']
2016-05-26 21:56:18,647 [MainThread:9576] [django.db.backends.schema:101] [schema:execute] [DEBUG]- CREATE TABLE `django_admin_log` (`id` integer AUTO_INCREMENT NOT NULL PRIMARY KEY, `action_time` datetime NOT NULL, `object_id` longtext NULL, `object_repr` varchar(200) NOT NULL, `action_flag` smallint UNSIGNED NOT NULL, `change_message` longtext NOT NULL, `content_type_id` integer NULL, `user_id` integer NOT NULL); (params None)
2016-05-26 21:56:18,658 [MainThread:9576] [django.db.backends:89] [utils:execute] [DEBUG]- (0.004) CREATE TABLE `django_admin_log` (`id` integer AUTO_INCREMENT NOT NULL PRIMARY KEY, `action_time` datetime NOT NULL, `object_id` longtext NULL, `object_repr` varchar(200) NOT NULL, `action_flag` smallint UNSIGNED NOT NULL, `change_message` longtext NOT NULL, `content_type_id` integer NULL, `user_id` integer NOT NULL); args=None
2016-05-26 21:56:18,665 [MainThread:9576] [django.db.backends:89] [utils:execute] [DEBUG]- (0.002) SELECT engine FROM information_schema.tables WHERE table_name = 'django_admin_log'; args=[u'django_admin_log']
2016-05-26 21:56:18,670 [MainThread:9576] [django.db.backends.schema:101] [schema:execute] [DEBUG]- ALTER TABLE `django_admin_log` ADD CONSTRAINT `django_admin__content_type_id_c4bce8eb_fk_django_content_type_id` FOREIGN KEY (`content_type_id`) REFERENCES `django_content_type` (`id`); (params [])
2016-05-26 21:56:18,687 [MainThread:9576] [django.db.backends:89] [utils:execute] [DEBUG]- (0.013) ALTER TABLE `django_admin_log` ADD CONSTRAINT `django_admin__content_type_id_c4bce8eb_fk_django_content_type_id` FOREIGN KEY (`content_type_id`) REFERENCES `django_content_type` (`id`); args=[]
2016-05-26 21:56:18,697 [MainThread:9576] [django.db.backends.schema:101] [schema:execute] [DEBUG]- ALTER TABLE `django_admin_log` ADD CONSTRAINT `django_admin_log_user_id_c564eba6_fk_auth_user_id` FOREIGN KEY (`user_id`) REFERENCES `auth_user` (`id`); (params [])
2016-05-26 21:56:18,713 [MainThread:9576] [django.db.backends:89] [utils:execute] [DEBUG]- (0.012) ALTER TABLE `django_admin_log` ADD CONSTRAINT `django_admin_log_user_id_c564eba6_fk_auth_user_id` FOREIGN KEY (`user_id`) REFERENCES `auth_user` (`id`); args=[]
2016-05-26 21:56:18,720 [MainThread:9576] [django.db.backends:89] [utils:execute] [DEBUG]- (0.002) SHOW FULL TABLES; args=None
2016-05-26 21:56:18,723 [MainThread:9576] [django.db.backends:89] [utils:execute] [DEBUG]- (0.000) INSERT INTO `django_migrations` (`app`, `name`, `applied`) VALUES ('admin', '0001_initial', '2016-05-26 13:56:18'); args=['admin', u'0001_initial', u'2016-05-26 13:56:18']
2016-05-26 21:56:18,746 [MainThread:9576] [django.db.backends.schema:101] [schema:execute] [DEBUG]- ALTER TABLE `django_admin_log` ALTER COLUMN `action_time` SET DEFAULT %s; (params [u'2016-05-26 13:56:18'])
2016-05-26 21:56:18,756 [MainThread:9576] [django.db.backends:89] [utils:execute] [DEBUG]- (0.007) ALTER TABLE `django_admin_log` ALTER COLUMN `action_time` SET DEFAULT '2016-05-26 13:56:18'; args=[u'2016-05-26 13:56:18']
2016-05-26 21:56:18,757 [MainThread:9576] [django.db.backends.schema:101] [schema:execute] [DEBUG]- ALTER TABLE `django_admin_log` ALTER COLUMN `action_time` DROP DEFAULT; (params [])
2016-05-26 21:56:18,767 [MainThread:9576] [django.db.backends:89] [utils:execute] [DEBUG]- (0.006) ALTER TABLE `django_admin_log` ALTER COLUMN `action_time` DROP DEFAULT; args=[]
2016-05-26 21:56:18,772 [MainThread:9576] [django.db.backends:89] [utils:execute] [DEBUG]- (0.001) SHOW FULL TABLES; args=None
2016-05-26 21:56:18,775 [MainThread:9576] [django.db.backends:89] [utils:execute] [DEBUG]- (0.000) INSERT INTO `django_migrations` (`app`, `name`, `applied`) VALUES ('admin', '0002_logentry_remove_auto_add', '2016-05-26 13:56:18'); args=['admin', u'0002_logentry_remove_auto_add', u'2016-05-26 13:56:18']
2016-05-26 21:56:18,809 [MainThread:9576] [django.db.backends.schema:101] [schema:execute] [DEBUG]- ALTER TABLE `django_content_type` MODIFY `name` varchar(100) NULL; (params [])
2016-05-26 21:56:18,825 [MainThread:9576] [django.db.backends:89] [utils:execute] [DEBUG]- (0.012) ALTER TABLE `django_content_type` MODIFY `name` varchar(100) NULL; args=[]
2016-05-26 21:56:18,842 [MainThread:9576] [django.db.backends.schema:101] [schema:execute] [DEBUG]- ALTER TABLE `django_content_type` DROP COLUMN `name` CASCADE; (params [])
2016-05-26 21:56:18,857 [MainThread:9576] [django.db.backends:89] [utils:execute] [DEBUG]- (0.011) ALTER TABLE `django_content_type` DROP COLUMN `name` CASCADE; args=[]
2016-05-26 21:56:18,861 [MainThread:9576] [django.db.backends:89] [utils:execute] [DEBUG]- (0.002) SHOW FULL TABLES; args=None
2016-05-26 21:56:18,865 [MainThread:9576] [django.db.backends:89] [utils:execute] [DEBUG]- (0.001) INSERT INTO `django_migrations` (`app`, `name`, `applied`) VALUES ('contenttypes', '0002_remove_content_type_name', '2016-05-26 13:56:18'); args=['contenttypes', u'0002_remove_content_type_name', u'2016-05-26 13:56:18']
2016-05-26 21:56:18,885 [MainThread:9576] [django.db.backends.schema:101] [schema:execute] [DEBUG]- ALTER TABLE `auth_permission` MODIFY `name` varchar(255) NOT NULL; (params [])
2016-05-26 21:56:18,901 [MainThread:9576] [django.db.backends:89] [utils:execute] [DEBUG]- (0.012) ALTER TABLE `auth_permission` MODIFY `name` varchar(255) NOT NULL; args=[]
2016-05-26 21:56:18,904 [MainThread:9576] [django.db.backends:89] [utils:execute] [DEBUG]- (0.001) SHOW FULL TABLES; args=None
2016-05-26 21:56:18,907 [MainThread:9576] [django.db.backends:89] [utils:execute] [DEBUG]- (0.000) INSERT INTO `django_migrations` (`app`, `name`, `applied`) VALUES ('auth', '0002_alter_permission_name_max_length', '2016-05-26 13:56:18'); args=['auth', u'0002_alter_permission_name_max_length', u'2016-05-26 13:56:18']
2016-05-26 21:56:18,930 [MainThread:9576] [django.db.backends.schema:101] [schema:execute] [DEBUG]- ALTER TABLE `auth_user` MODIFY `email` varchar(254) NOT NULL; (params [])
2016-05-26 21:56:18,944 [MainThread:9576] [django.db.backends:89] [utils:execute] [DEBUG]- (0.012) ALTER TABLE `auth_user` MODIFY `email` varchar(254) NOT NULL; args=[]
2016-05-26 21:56:18,948 [MainThread:9576] [django.db.backends:89] [utils:execute] [DEBUG]- (0.002) SHOW FULL TABLES; args=None
2016-05-26 21:56:18,953 [MainThread:9576] [django.db.backends:89] [utils:execute] [DEBUG]- (0.003) INSERT INTO `django_migrations` (`app`, `name`, `applied`) VALUES ('auth', '0003_alter_user_email_max_length', '2016-05-26 13:56:18'); args=['auth', u'0003_alter_user_email_max_length', u'2016-05-26 13:56:18']
2016-05-26 21:56:18,979 [MainThread:9576] [django.db.backends:89] [utils:execute] [DEBUG]- (0.001) SHOW FULL TABLES; args=None
2016-05-26 21:56:18,983 [MainThread:9576] [django.db.backends:89] [utils:execute] [DEBUG]- (0.000) INSERT INTO `django_migrations` (`app`, `name`, `applied`) VALUES ('auth', '0004_alter_user_username_opts', '2016-05-26 13:56:18'); args=['auth', u'0004_alter_user_username_opts', u'2016-05-26 13:56:18']
2016-05-26 21:56:19,003 [MainThread:9576] [django.db.backends.schema:101] [schema:execute] [DEBUG]- ALTER TABLE `auth_user` MODIFY `last_login` datetime NULL; (params [])
2016-05-26 21:56:19,017 [MainThread:9576] [django.db.backends:89] [utils:execute] [DEBUG]- (0.012) ALTER TABLE `auth_user` MODIFY `last_login` datetime NULL; args=[]
2016-05-26 21:56:19,022 [MainThread:9576] [django.db.backends:89] [utils:execute] [DEBUG]- (0.001) SHOW FULL TABLES; args=None
2016-05-26 21:56:19,025 [MainThread:9576] [django.db.backends:89] [utils:execute] [DEBUG]- (0.000) INSERT INTO `django_migrations` (`app`, `name`, `applied`) VALUES ('auth', '0005_alter_user_last_login_null', '2016-05-26 13:56:19'); args=['auth', u'0005_alter_user_last_login_null', u'2016-05-26 13:56:19']
2016-05-26 21:56:19,035 [MainThread:9576] [django.db.backends:89] [utils:execute] [DEBUG]- (0.002) SHOW FULL TABLES; args=None
2016-05-26 21:56:19,038 [MainThread:9576] [django.db.backends:89] [utils:execute] [DEBUG]- (0.000) INSERT INTO `django_migrations` (`app`, `name`, `applied`) VALUES ('auth', '0006_require_contenttypes_0002', '2016-05-26 13:56:19'); args=['auth', u'0006_require_contenttypes_0002', u'2016-05-26 13:56:19']
2016-05-26 21:56:19,061 [MainThread:9576] [django.db.backends:89] [utils:execute] [DEBUG]- (0.002) SHOW FULL TABLES; args=None
2016-05-26 21:56:19,063 [MainThread:9576] [django.db.backends:89] [utils:execute] [DEBUG]- (0.000) INSERT INTO `django_migrations` (`app`, `name`, `applied`) VALUES ('auth', '0007_alter_validators_add_error_messages', '2016-05-26 13:56:19'); args=['auth', u'0007_alter_validators_add_error_messages', u'2016-05-26 13:56:19']
2016-05-26 21:56:19,072 [MainThread:9576] [django.db.backends.schema:101] [schema:execute] [DEBUG]- CREATE TABLE `django_session` (`session_key` varchar(40) NOT NULL PRIMARY KEY, `session_data` longtext NOT NULL, `expire_date` datetime NOT NULL); (params None)
2016-05-26 21:56:19,081 [MainThread:9576] [django.db.backends:89] [utils:execute] [DEBUG]- (0.004) CREATE TABLE `django_session` (`session_key` varchar(40) NOT NULL PRIMARY KEY, `session_data` longtext NOT NULL, `expire_date` datetime NOT NULL); args=None
2016-05-26 21:56:19,088 [MainThread:9576] [django.db.backends:89] [utils:execute] [DEBUG]- (0.002) SELECT engine FROM information_schema.tables WHERE table_name = 'django_session'; args=[u'django_session']
2016-05-26 21:56:19,091 [MainThread:9576] [django.db.backends.schema:101] [schema:execute] [DEBUG]- CREATE INDEX `django_session_de54fa62` ON `django_session` (`expire_date`); (params [])
2016-05-26 21:56:19,105 [MainThread:9576] [django.db.backends:89] [utils:execute] [DEBUG]- (0.012) CREATE INDEX `django_session_de54fa62` ON `django_session` (`expire_date`); args=[]
2016-05-26 21:56:19,111 [MainThread:9576] [django.db.backends:89] [utils:execute] [DEBUG]- (0.002) SHOW FULL TABLES; args=None
2016-05-26 21:56:19,114 [MainThread:9576] [django.db.backends:89] [utils:execute] [DEBUG]- (0.001) INSERT INTO `django_migrations` (`app`, `name`, `applied`) VALUES ('sessions', '0001_initial', '2016-05-26 13:56:19'); args=['sessions', u'0001_initial', u'2016-05-26 13:56:19']
2016-05-26 21:56:19,121 [MainThread:9576] [django.db.backends:89] [utils:execute] [DEBUG]- (0.001) SHOW FULL TABLES; args=None
2016-05-26 21:56:19,124 [MainThread:9576] [django.db.backends:89] [utils:execute] [DEBUG]- (0.000) SELECT `django_migrations`.`app`, `django_migrations`.`name` FROM `django_migrations`; args=()
2016-05-26 21:56:19,128 [MainThread:9576] [django.db.backends:89] [utils:execute] [DEBUG]- (0.001) SELECT `django_content_type`.`id`, `django_content_type`.`app_label`, `django_content_type`.`model` FROM `django_content_type` WHERE (`django_content_type`.`model` = 'logentry' AND `django_content_type`.`app_label` = 'admin'); args=('logentry', 'admin')
2016-05-26 21:56:19,134 [MainThread:9576] [django.db.backends:89] [utils:execute] [DEBUG]- (0.000) SELECT `django_content_type`.`id`, `django_content_type`.`app_label`, `django_content_type`.`model` FROM `django_content_type` WHERE (`django_content_type`.`model` = 'logentry' AND `django_content_type`.`app_label` = 'admin'); args=('logentry', 'admin')
2016-05-26 21:56:19,141 [MainThread:9576] [django.db.backends:89] [utils:execute] [DEBUG]- (0.000) INSERT INTO `django_content_type` (`app_label`, `model`) VALUES ('admin', 'logentry'); args=['admin', 'logentry']
2016-05-26 21:56:19,148 [MainThread:9576] [django.db.backends:89] [utils:execute] [DEBUG]- (0.001) SELECT `auth_permission`.`content_type_id`, `auth_permission`.`codename` FROM `auth_permission` INNER JOIN `django_content_type` ON (`auth_permission`.`content_type_id` = `django_content_type`.`id`) WHERE `auth_permission`.`content_type_id` IN (1) ORDER BY `django_content_type`.`app_label` ASC, `django_content_type`.`model` ASC, `auth_permission`.`codename` ASC; args=(1,)
2016-05-26 21:56:19,155 [MainThread:9576] [django.db.backends:89] [utils:execute] [DEBUG]- (0.000) INSERT INTO `auth_permission` (`name`, `content_type_id`, `codename`) VALUES ('Can add log entry', 1, 'add_logentry'), ('Can change log entry', 1, 'change_logentry'), ('Can delete log entry', 1, 'delete_logentry'); args=(u'Can add log entry', 1, u'add_logentry', u'Can change log entry', 1, u'change_logentry', u'Can delete log entry', 1, u'delete_logentry')
2016-05-26 21:56:19,164 [MainThread:9576] [django.db.backends:89] [utils:execute] [DEBUG]- (0.000) SELECT `django_content_type`.`id`, `django_content_type`.`app_label`, `django_content_type`.`model` FROM `django_content_type` WHERE `django_content_type`.`app_label` = 'admin'; args=('admin',)
2016-05-26 21:56:19,171 [MainThread:9576] [django.db.backends:89] [utils:execute] [DEBUG]- (0.000) SELECT `django_content_type`.`id`, `django_content_type`.`app_label`, `django_content_type`.`model` FROM `django_content_type` WHERE (`django_content_type`.`model` = 'permission' AND `django_content_type`.`app_label` = 'auth'); args=('permission', 'auth')
2016-05-26 21:56:19,177 [MainThread:9576] [django.db.backends:89] [utils:execute] [DEBUG]- (0.000) SELECT `django_content_type`.`id`, `django_content_type`.`app_label`, `django_content_type`.`model` FROM `django_content_type` WHERE (`django_content_type`.`model` = 'permission' AND `django_content_type`.`app_label` = 'auth'); args=('permission', 'auth')
2016-05-26 21:56:19,188 [MainThread:9576] [django.db.backends:89] [utils:execute] [DEBUG]- (0.001) INSERT INTO `django_content_type` (`app_label`, `model`) VALUES ('auth', 'permission'); args=['auth', 'permission']
2016-05-26 21:56:19,194 [MainThread:9576] [django.db.backends:89] [utils:execute] [DEBUG]- (0.000) SELECT `django_content_type`.`id`, `django_content_type`.`app_label`, `django_content_type`.`model` FROM `django_content_type` WHERE (`django_content_type`.`model` = 'group' AND `django_content_type`.`app_label` = 'auth'); args=('group', 'auth')
2016-05-26 21:56:19,200 [MainThread:9576] [django.db.backends:89] [utils:execute] [DEBUG]- (0.000) SELECT `django_content_type`.`id`, `django_content_type`.`app_label`, `django_content_type`.`model` FROM `django_content_type` WHERE (`django_content_type`.`model` = 'group' AND `django_content_type`.`app_label` = 'auth'); args=('group', 'auth')
2016-05-26 21:56:19,207 [MainThread:9576] [django.db.backends:89] [utils:execute] [DEBUG]- (0.000) INSERT INTO `django_content_type` (`app_label`, `model`) VALUES ('auth', 'group'); args=['auth', 'group']
2016-05-26 21:56:19,213 [MainThread:9576] [django.db.backends:89] [utils:execute] [DEBUG]- (0.000) SELECT `django_content_type`.`id`, `django_content_type`.`app_label`, `django_content_type`.`model` FROM `django_content_type` WHERE (`django_content_type`.`model` = 'user' AND `django_content_type`.`app_label` = 'auth'); args=('user', 'auth')
2016-05-26 21:56:19,219 [MainThread:9576] [django.db.backends:89] [utils:execute] [DEBUG]- (0.000) SELECT `django_content_type`.`id`, `django_content_type`.`app_label`, `django_content_type`.`model` FROM `django_content_type` WHERE (`django_content_type`.`model` = 'user' AND `django_content_type`.`app_label` = 'auth'); args=('user', 'auth')
2016-05-26 21:56:19,226 [MainThread:9576] [django.db.backends:89] [utils:execute] [DEBUG]- (0.001) INSERT INTO `django_content_type` (`app_label`, `model`) VALUES ('auth', 'user'); args=['auth', 'user']
2016-05-26 21:56:19,233 [MainThread:9576] [django.db.backends:89] [utils:execute] [DEBUG]- (0.000) SELECT `auth_permission`.`content_type_id`, `auth_permission`.`codename` FROM `auth_permission` INNER JOIN `django_content_type` ON (`auth_permission`.`content_type_id` = `django_content_type`.`id`) WHERE `auth_permission`.`content_type_id` IN (2, 3, 4) ORDER BY `django_content_type`.`app_label` ASC, `django_content_type`.`model` ASC, `auth_permission`.`codename` ASC; args=(2, 3, 4)
2016-05-26 21:56:19,240 [MainThread:9576] [django.db.backends:89] [utils:execute] [DEBUG]- (0.000) INSERT INTO `auth_permission` (`name`, `content_type_id`, `codename`) VALUES ('Can add permission', 2, 'add_permission'), ('Can change permission', 2, 'change_permission'), ('Can delete permission', 2, 'delete_permission'), ('Can add group', 3, 'add_group'), ('Can change group', 3, 'change_group'), ('Can delete group', 3, 'delete_group'), ('Can add user', 4, 'add_user'), ('Can change user', 4, 'change_user'), ('Can delete user', 4, 'delete_user'); args=(u'Can add permission', 2, u'add_permission', u'Can change permission', 2, u'change_permission', u'Can delete permission', 2, u'delete_permission', u'Can add group', 3, u'add_group', u'Can change group', 3, u'change_group', u'Can delete group', 3, u'delete_group', u'Can add user', 4, u'add_user', u'Can change user', 4, u'change_user', u'Can delete user', 4, u'delete_user')
2016-05-26 21:56:19,256 [MainThread:9576] [django.db.backends:89] [utils:execute] [DEBUG]- (0.000) SELECT `django_content_type`.`id`, `django_content_type`.`app_label`, `django_content_type`.`model` FROM `django_content_type` WHERE `django_content_type`.`app_label` = 'auth'; args=('auth',)
2016-05-26 21:56:19,262 [MainThread:9576] [django.db.backends:89] [utils:execute] [DEBUG]- (0.000) SELECT `django_content_type`.`id`, `django_content_type`.`app_label`, `django_content_type`.`model` FROM `django_content_type` WHERE (`django_content_type`.`model` = 'contenttype' AND `django_content_type`.`app_label` = 'contenttypes'); args=('contenttype', 'contenttypes')
2016-05-26 21:56:19,267 [MainThread:9576] [django.db.backends:89] [utils:execute] [DEBUG]- (0.000) SELECT `django_content_type`.`id`, `django_content_type`.`app_label`, `django_content_type`.`model` FROM `django_content_type` WHERE (`django_content_type`.`model` = 'contenttype' AND `django_content_type`.`app_label` = 'contenttypes'); args=('contenttype', 'contenttypes')
2016-05-26 21:56:19,275 [MainThread:9576] [django.db.backends:89] [utils:execute] [DEBUG]- (0.001) INSERT INTO `django_content_type` (`app_label`, `model`) VALUES ('contenttypes', 'contenttype'); args=['contenttypes', 'contenttype']
2016-05-26 21:56:19,280 [MainThread:9576] [django.db.backends:89] [utils:execute] [DEBUG]- (0.000) SELECT `auth_permission`.`content_type_id`, `auth_permission`.`codename` FROM `auth_permission` INNER JOIN `django_content_type` ON (`auth_permission`.`content_type_id` = `django_content_type`.`id`) WHERE `auth_permission`.`content_type_id` IN (5) ORDER BY `django_content_type`.`app_label` ASC, `django_content_type`.`model` ASC, `auth_permission`.`codename` ASC; args=(5,)
2016-05-26 21:56:19,289 [MainThread:9576] [django.db.backends:89] [utils:execute] [DEBUG]- (0.000) INSERT INTO `auth_permission` (`name`, `content_type_id`, `codename`) VALUES ('Can add content type', 5, 'add_contenttype'), ('Can change content type', 5, 'change_contenttype'), ('Can delete content type', 5, 'delete_contenttype'); args=(u'Can add content type', 5, u'add_contenttype', u'Can change content type', 5, u'change_contenttype', u'Can delete content type', 5, u'delete_contenttype')
2016-05-26 21:56:19,299 [MainThread:9576] [django.db.backends:89] [utils:execute] [DEBUG]- (0.001) SELECT `django_content_type`.`id`, `django_content_type`.`app_label`, `django_content_type`.`model` FROM `django_content_type` WHERE `django_content_type`.`app_label` = 'contenttypes'; args=('contenttypes',)
2016-05-26 21:56:19,306 [MainThread:9576] [django.db.backends:89] [utils:execute] [DEBUG]- (0.000) SELECT `django_content_type`.`id`, `django_content_type`.`app_label`, `django_content_type`.`model` FROM `django_content_type` WHERE (`django_content_type`.`model` = 'session' AND `django_content_type`.`app_label` = 'sessions'); args=('session', 'sessions')
2016-05-26 21:56:19,312 [MainThread:9576] [django.db.backends:89] [utils:execute] [DEBUG]- (0.000) SELECT `django_content_type`.`id`, `django_content_type`.`app_label`, `django_content_type`.`model` FROM `django_content_type` WHERE (`django_content_type`.`model` = 'session' AND `django_content_type`.`app_label` = 'sessions'); args=('session', 'sessions')
2016-05-26 21:56:19,318 [MainThread:9576] [django.db.backends:89] [utils:execute] [DEBUG]- (0.000) INSERT INTO `django_content_type` (`app_label`, `model`) VALUES ('sessions', 'session'); args=['sessions', 'session']
2016-05-26 21:56:19,325 [MainThread:9576] [django.db.backends:89] [utils:execute] [DEBUG]- (0.000) SELECT `auth_permission`.`content_type_id`, `auth_permission`.`codename` FROM `auth_permission` INNER JOIN `django_content_type` ON (`auth_permission`.`content_type_id` = `django_content_type`.`id`) WHERE `auth_permission`.`content_type_id` IN (6) ORDER BY `django_content_type`.`app_label` ASC, `django_content_type`.`model` ASC, `auth_permission`.`codename` ASC; args=(6,)
2016-05-26 21:56:19,334 [MainThread:9576] [django.db.backends:89] [utils:execute] [DEBUG]- (0.000) INSERT INTO `auth_permission` (`name`, `content_type_id`, `codename`) VALUES ('Can add session', 6, 'add_session'), ('Can change session', 6, 'change_session'), ('Can delete session', 6, 'delete_session'); args=(u'Can add session', 6, u'add_session', u'Can change session', 6, u'change_session', u'Can delete session', 6, u'delete_session')
2016-05-26 21:56:19,342 [MainThread:9576] [django.db.backends:89] [utils:execute] [DEBUG]- (0.000) SELECT `django_content_type`.`id`, `django_content_type`.`app_label`, `django_content_type`.`model` FROM `django_content_type` WHERE `django_content_type`.`app_label` = 'sessions'; args=('sessions',)
2016-05-26 21:56:19,348 [MainThread:9576] [django.db.backends:89] [utils:execute] [DEBUG]- (0.001) SELECT `django_content_type`.`id`, `django_content_type`.`app_label`, `django_content_type`.`model` FROM `django_content_type` WHERE (`django_content_type`.`model` = 'bundle' AND `django_content_type`.`app_label` = 'MyApp'); args=('bundle', 'MyApp')
2016-05-26 21:56:19,355 [MainThread:9576] [django.db.backends:89] [utils:execute] [DEBUG]- (0.000) SELECT `django_content_type`.`id`, `django_content_type`.`app_label`, `django_content_type`.`model` FROM `django_content_type` WHERE (`django_content_type`.`model` = 'bundle' AND `django_content_type`.`app_label` = 'MyApp'); args=('bundle', 'MyApp')
2016-05-26 21:56:19,361 [MainThread:9576] [django.db.backends:89] [utils:execute] [DEBUG]- (0.000) INSERT INTO `django_content_type` (`app_label`, `model`) VALUES ('MyApp', 'bundle'); args=['MyApp', 'bundle']
2016-05-26 21:56:19,365 [MainThread:9576] [django.db.backends:89] [utils:execute] [DEBUG]- (0.000) SELECT `django_content_type`.`id`, `django_content_type`.`app_label`, `django_content_type`.`model` FROM `django_content_type` WHERE (`django_content_type`.`model` = 'comment' AND `django_content_type`.`app_label` = 'MyApp'); args=('comment', 'MyApp')
2016-05-26 21:56:19,371 [MainThread:9576] [django.db.backends:89] [utils:execute] [DEBUG]- (0.000) SELECT `django_content_type`.`id`, `django_content_type`.`app_label`, `django_content_type`.`model` FROM `django_content_type` WHERE (`django_content_type`.`model` = 'comment' AND `django_content_type`.`app_label` = 'MyApp'); args=('comment', 'MyApp')
2016-05-26 21:56:19,378 [MainThread:9576] [django.db.backends:89] [utils:execute] [DEBUG]- (0.000) INSERT INTO `django_content_type` (`app_label`, `model`) VALUES ('MyApp', 'comment'); args=['MyApp', 'comment']
2016-05-26 21:56:19,384 [MainThread:9576] [django.db.backends:89] [utils:execute] [DEBUG]- (0.000) SELECT `django_content_type`.`id`, `django_content_type`.`app_label`, `django_content_type`.`model` FROM `django_content_type` WHERE (`django_content_type`.`model` = 'commentlocation' AND `django_content_type`.`app_label` = 'MyApp'); args=('commentlocation', 'MyApp')
2016-05-26 21:56:19,391 [MainThread:9576] [django.db.backends:89] [utils:execute] [DEBUG]- (0.001) SELECT `django_content_type`.`id`, `django_content_type`.`app_label`, `django_content_type`.`model` FROM `django_content_type` WHERE (`django_content_type`.`model` = 'commentlocation' AND `django_content_type`.`app_label` = 'MyApp'); args=('commentlocation', 'MyApp')
2016-05-26 21:56:19,397 [MainThread:9576] [django.db.backends:89] [utils:execute] [DEBUG]- (0.000) INSERT INTO `django_content_type` (`app_label`, `model`) VALUES ('MyApp', 'commentlocation'); args=['MyApp', 'commentlocation']
2016-05-26 21:56:19,403 [MainThread:9576] [django.db.backends:89] [utils:execute] [DEBUG]- (0.000) SELECT `django_content_type`.`id`, `django_content_type`.`app_label`, `django_content_type`.`model` FROM `django_content_type` WHERE (`django_content_type`.`model` = 'scan' AND `django_content_type`.`app_label` = 'MyApp'); args=('scan', 'MyApp')
2016-05-26 21:56:19,408 [MainThread:9576] [django.db.backends:89] [utils:execute] [DEBUG]- (0.000) SELECT `django_content_type`.`id`, `django_content_type`.`app_label`, `django_content_type`.`model` FROM `django_content_type` WHERE (`django_content_type`.`model` = 'scan' AND `django_content_type`.`app_label` = 'MyApp'); args=('scan', 'MyApp')
2016-05-26 21:56:19,414 [MainThread:9576] [django.db.backends:89] [utils:execute] [DEBUG]- (0.001) INSERT INTO `django_content_type` (`app_label`, `model`) VALUES ('MyApp', 'scan'); args=['MyApp', 'scan']
2016-05-26 21:56:19,420 [MainThread:9576] [django.db.backends:89] [utils:execute] [DEBUG]- (0.001) SELECT `django_content_type`.`id`, `django_content_type`.`app_label`, `django_content_type`.`model` FROM `django_content_type` WHERE (`django_content_type`.`model` = 'scanlocation' AND `django_content_type`.`app_label` = 'MyApp'); args=('scanlocation', 'MyApp')
2016-05-26 21:56:19,430 [MainThread:9576] [django.db.backends:89] [utils:execute] [DEBUG]- (0.000) SELECT `django_content_type`.`id`, `django_content_type`.`app_label`, `django_content_type`.`model` FROM `django_content_type` WHERE (`django_content_type`.`model` = 'scanlocation' AND `django_content_type`.`app_label` = 'MyApp'); args=('scanlocation', 'MyApp')
2016-05-26 21:56:19,436 [MainThread:9576] [django.db.backends:89] [utils:execute] [DEBUG]- (0.000) INSERT INTO `django_content_type` (`app_label`, `model`) VALUES ('MyApp', 'scanlocation'); args=['MyApp', 'scanlocation']
2016-05-26 21:56:19,443 [MainThread:9576] [django.db.backends:89] [utils:execute] [DEBUG]- (0.001) SELECT `auth_permission`.`content_type_id`, `auth_permission`.`codename` FROM `auth_permission` INNER JOIN `django_content_type` ON (`auth_permission`.`content_type_id` = `django_content_type`.`id`) WHERE `auth_permission`.`content_type_id` IN (8, 9, 10, 11, 7) ORDER BY `django_content_type`.`app_label` ASC, `django_content_type`.`model` ASC, `auth_permission`.`codename` ASC; args=(8, 9, 10, 11, 7)
2016-05-26 21:56:19,451 [MainThread:9576] [django.db.backends:89] [utils:execute] [DEBUG]- (0.000) INSERT INTO `auth_permission` (`name`, `content_type_id`, `codename`) VALUES ('Can add bundle', 7, 'add_bundle'), ('Can change bundle', 7, 'change_bundle'), ('Can delete bundle', 7, 'delete_bundle'), ('Can add comment', 8, 'add_comment'), ('Can change comment', 8, 'change_comment'), ('Can delete comment', 8, 'delete_comment'), ('Can add comment location', 9, 'add_commentlocation'), ('Can change comment location', 9, 'change_commentlocation'), ('Can delete comment location', 9, 'delete_commentlocation'), ('Can add scan', 10, 'add_scan'), ('Can change scan', 10, 'change_scan'), ('Can delete scan', 10, 'delete_scan'), ('Can add scan location', 11, 'add_scanlocation'), ('Can change scan location', 11, 'change_scanlocation'), ('Can delete scan location', 11, 'delete_scanlocation'); args=(u'Can add bundle', 7, u'add_bundle', u'Can change bundle', 7, u'change_bundle', u'Can delete bundle', 7, u'delete_bundle', u'Can add comment', 8, u'add_comment', u'Can change comment', 8, u'change_comment', u'Can delete comment', 8, u'delete_comment', u'Can add comment location', 9, u'add_commentlocation', u'Can change comment location', 9, u'change_commentlocation', u'Can delete comment location', 9, u'delete_commentlocation', u'Can add scan', 10, u'add_scan', u'Can change scan', 10, u'change_scan', u'Can delete scan', 10, u'delete_scan', u'Can add scan location', 11, u'add_scanlocation', u'Can change scan location', 11, u'change_scanlocation', u'Can delete scan location', 11, u'delete_scanlocation')
2016-05-26 21:56:19,476 [MainThread:9576] [django.db.backends:89] [utils:execute] [DEBUG]- (0.000) SELECT `django_content_type`.`id`, `django_content_type`.`app_label`, `django_content_type`.`model` FROM `django_content_type` WHERE `django_content_type`.`app_label` = 'MyApp'; args=('MyApp',)
2016-05-26 21:57:34,334 [MainThread:2152] [django.db.backends:89] [utils:execute] [DEBUG]- (0.001) SET SQL_AUTO_IS_NULL = 0; args=None
2016-05-26 21:57:34,367 [MainThread:2152] [django.db.backends:89] [utils:execute] [DEBUG]- (0.000) SET SQL_AUTO_IS_NULL = 0; args=None
2016-05-26 21:57:34,368 [MainThread:2152] [django.db.backends:89] [utils:execute] [DEBUG]- (0.000) SELECT `auth_user`.`id`, `auth_user`.`password`, `auth_user`.`last_login`, `auth_user`.`is_superuser`, `auth_user`.`username`, `auth_user`.`first_name`, `auth_user`.`last_name`, `auth_user`.`email`, `auth_user`.`is_staff`, `auth_user`.`is_active`, `auth_user`.`date_joined` FROM `auth_user` WHERE `auth_user`.`username` = 'administrator'; args=(u'administrator',)
2016-05-26 21:57:37,956 [MainThread:2152] [django.db.backends:89] [utils:execute] [DEBUG]- (0.000) SELECT `auth_user`.`id`, `auth_user`.`password`, `auth_user`.`last_login`, `auth_user`.`is_superuser`, `auth_user`.`username`, `auth_user`.`first_name`, `auth_user`.`last_name`, `auth_user`.`email`, `auth_user`.`is_staff`, `auth_user`.`is_active`, `auth_user`.`date_joined` FROM `auth_user` WHERE `auth_user`.`username` = 'admin'; args=('admin',)
2016-05-26 21:58:06,829 [MainThread:2152] [django.db.backends:89] [utils:execute] [DEBUG]- (0.015) INSERT INTO `auth_user` (`password`, `last_login`, `is_superuser`, `username`, `first_name`, `last_name`, `email`, `is_staff`, `is_active`, `date_joined`) VALUES ('pbkdf2_sha256$24000$usrUXuPcsCRk$WCjUbl/+BFlNC4REn1C0a1F2qd7VqL/xdkUUGDaJUj0=', NULL, 1, 'admin', '', '', 'admin@local.com', 1, 1, '2016-05-26 13:58:06'); args=[u'pbkdf2_sha256$24000$usrUXuPcsCRk$WCjUbl/+BFlNC4REn1C0a1F2qd7VqL/xdkUUGDaJUj0=', None, True, 'admin', u'', u'', u'admin@local.com', True, True, u'2016-05-26 13:58:06']
